<?xml version="1.0" encoding="UTF-8"?>
<!-- Generated by org.testng.reporters.JUnitXMLReporter -->
<testsuite hostname="SrinivasComputor" ignored="0" name="Free CRM App Test Cases" tests="6" failures="0" timestamp="11 Mar 2018 08:00:13 GMT" time="91.501" errors="0">
  <testcase name="loginPageTitleTest" time="0.034" classname="com.crm.qa.testcases.LoginPageTest"/>
  <testcase name="verifyHomePageTitleTest" time="0.018" classname="com.crm.qa.testcases.HomePageTest"/>
  <testcase name="crmLogoImageTest" time="0.073" classname="com.crm.qa.testcases.LoginPageTest"/>
  <testcase name="verifyUserNameTest" time="0.088" classname="com.crm.qa.testcases.HomePageTest"/>
  <testcase name="loginTest" time="4.536" classname="com.crm.qa.testcases.LoginPageTest"/>
  <testcase name="verifyContactsLinkTest" time="0.175" classname="com.crm.qa.testcases.HomePageTest"/>
</testsuite> <!-- Free CRM App Test Cases -->
