<?xml version="1.0" encoding="UTF-8"?>
<!-- Generated by org.testng.reporters.JUnitXMLReporter -->
<testsuite hostname="SrinivasComputor" ignored="0" name="Default test" tests="3" failures="0" timestamp="10 Mar 2018 19:40:19 GMT" time="44.439" errors="0">
  <testcase name="loginPageTitleTest" time="0.032" classname="com.crm.qa.testcases.LoginPageTest"/>
  <testcase name="crmLogoImageTest" time="0.067" classname="com.crm.qa.testcases.LoginPageTest"/>
  <testcase name="loginTest" time="4.326" classname="com.crm.qa.testcases.LoginPageTest"/>
</testsuite> <!-- Default test -->
