<?xml version="1.0" encoding="UTF-8"?>
<testng-results skipped="0" failed="0" ignored="0" total="6" passed="6">
  <reporter-output>
  </reporter-output>
  <suite name="FREE CRM Application Test Automation Test Suite" duration-ms="91501" started-at="2018-03-11T07:58:41Z" finished-at="2018-03-11T08:00:12Z">
    <groups>
    </groups>
    <test name="Free CRM App Test Cases" duration-ms="91501" started-at="2018-03-11T07:58:41Z" finished-at="2018-03-11T08:00:12Z">
      <class name="com.crm.qa.testcases.HomePageTest">
        <test-method status="PASS" signature="setUp()[pri:0, instance:com.crm.qa.testcases.HomePageTest@26653222]" name="setUp" is-config="true" duration-ms="13900" started-at="2018-03-11T13:29:03Z" finished-at="2018-03-11T13:29:17Z">
          <reporter-output>
          </reporter-output>
        </test-method> <!-- setUp -->
        <test-method status="PASS" signature="verifyHomePageTitleTest()[pri:1, instance:com.crm.qa.testcases.HomePageTest@26653222]" name="verifyHomePageTitleTest" duration-ms="18" started-at="2018-03-11T13:29:17Z" finished-at="2018-03-11T13:29:17Z">
          <reporter-output>
          </reporter-output>
        </test-method> <!-- verifyHomePageTitleTest -->
        <test-method status="PASS" signature="tearDown()[pri:0, instance:com.crm.qa.testcases.HomePageTest@26653222]" name="tearDown" is-config="true" duration-ms="816" started-at="2018-03-11T13:29:17Z" finished-at="2018-03-11T13:29:18Z">
          <reporter-output>
          </reporter-output>
        </test-method> <!-- tearDown -->
        <test-method status="PASS" signature="setUp()[pri:0, instance:com.crm.qa.testcases.HomePageTest@26653222]" name="setUp" is-config="true" duration-ms="15407" started-at="2018-03-11T13:29:27Z" finished-at="2018-03-11T13:29:43Z">
          <reporter-output>
          </reporter-output>
        </test-method> <!-- setUp -->
        <test-method status="PASS" signature="verifyUserNameTest()[pri:2, instance:com.crm.qa.testcases.HomePageTest@26653222]" name="verifyUserNameTest" duration-ms="88" started-at="2018-03-11T13:29:43Z" finished-at="2018-03-11T13:29:43Z">
          <reporter-output>
          </reporter-output>
        </test-method> <!-- verifyUserNameTest -->
        <test-method status="PASS" signature="tearDown()[pri:0, instance:com.crm.qa.testcases.HomePageTest@26653222]" name="tearDown" is-config="true" duration-ms="753" started-at="2018-03-11T13:29:43Z" finished-at="2018-03-11T13:29:44Z">
          <reporter-output>
          </reporter-output>
        </test-method> <!-- tearDown -->
        <test-method status="PASS" signature="setUp()[pri:0, instance:com.crm.qa.testcases.HomePageTest@26653222]" name="setUp" is-config="true" duration-ms="14014" started-at="2018-03-11T13:29:58Z" finished-at="2018-03-11T13:30:12Z">
          <reporter-output>
          </reporter-output>
        </test-method> <!-- setUp -->
        <test-method status="PASS" signature="verifyContactsLinkTest()[pri:3, instance:com.crm.qa.testcases.HomePageTest@26653222]" name="verifyContactsLinkTest" duration-ms="175" started-at="2018-03-11T13:30:12Z" finished-at="2018-03-11T13:30:12Z">
          <reporter-output>
          </reporter-output>
        </test-method> <!-- verifyContactsLinkTest -->
        <test-method status="PASS" signature="tearDown()[pri:0, instance:com.crm.qa.testcases.HomePageTest@26653222]" name="tearDown" is-config="true" duration-ms="773" started-at="2018-03-11T13:30:12Z" finished-at="2018-03-11T13:30:12Z">
          <reporter-output>
          </reporter-output>
        </test-method> <!-- tearDown -->
      </class> <!-- com.crm.qa.testcases.HomePageTest -->
      <class name="com.crm.qa.testcases.LoginPageTest">
        <test-method status="PASS" signature="setUp()[pri:0, instance:com.crm.qa.testcases.LoginPageTest@5e5792a0]" name="setUp" is-config="true" duration-ms="21027" started-at="2018-03-11T13:28:41Z" finished-at="2018-03-11T13:29:02Z">
          <reporter-output>
          </reporter-output>
        </test-method> <!-- setUp -->
        <test-method status="PASS" signature="loginPageTitleTest()[pri:1, instance:com.crm.qa.testcases.LoginPageTest@5e5792a0]" name="loginPageTitleTest" duration-ms="34" started-at="2018-03-11T13:29:02Z" finished-at="2018-03-11T13:29:02Z">
          <reporter-output>
          </reporter-output>
        </test-method> <!-- loginPageTitleTest -->
        <test-method status="PASS" signature="tearDown()[pri:0, instance:com.crm.qa.testcases.LoginPageTest@5e5792a0]" name="tearDown" is-config="true" duration-ms="779" started-at="2018-03-11T13:29:02Z" finished-at="2018-03-11T13:29:03Z">
          <reporter-output>
          </reporter-output>
        </test-method> <!-- tearDown -->
        <test-method status="PASS" signature="setUp()[pri:0, instance:com.crm.qa.testcases.LoginPageTest@5e5792a0]" name="setUp" is-config="true" duration-ms="8877" started-at="2018-03-11T13:29:18Z" finished-at="2018-03-11T13:29:26Z">
          <reporter-output>
          </reporter-output>
        </test-method> <!-- setUp -->
        <test-method status="PASS" signature="crmLogoImageTest()[pri:2, instance:com.crm.qa.testcases.LoginPageTest@5e5792a0]" name="crmLogoImageTest" duration-ms="73" started-at="2018-03-11T13:29:26Z" finished-at="2018-03-11T13:29:27Z">
          <reporter-output>
          </reporter-output>
        </test-method> <!-- crmLogoImageTest -->
        <test-method status="PASS" signature="tearDown()[pri:0, instance:com.crm.qa.testcases.LoginPageTest@5e5792a0]" name="tearDown" is-config="true" duration-ms="718" started-at="2018-03-11T13:29:27Z" finished-at="2018-03-11T13:29:27Z">
          <reporter-output>
          </reporter-output>
        </test-method> <!-- tearDown -->
        <test-method status="PASS" signature="setUp()[pri:0, instance:com.crm.qa.testcases.LoginPageTest@5e5792a0]" name="setUp" is-config="true" duration-ms="8710" started-at="2018-03-11T13:29:44Z" finished-at="2018-03-11T13:29:52Z">
          <reporter-output>
          </reporter-output>
        </test-method> <!-- setUp -->
        <test-method status="PASS" signature="loginTest()[pri:3, instance:com.crm.qa.testcases.LoginPageTest@5e5792a0]" name="loginTest" duration-ms="4536" started-at="2018-03-11T13:29:52Z" finished-at="2018-03-11T13:29:57Z">
          <reporter-output>
          </reporter-output>
        </test-method> <!-- loginTest -->
        <test-method status="PASS" signature="tearDown()[pri:0, instance:com.crm.qa.testcases.LoginPageTest@5e5792a0]" name="tearDown" is-config="true" duration-ms="759" started-at="2018-03-11T13:29:57Z" finished-at="2018-03-11T13:29:58Z">
          <reporter-output>
          </reporter-output>
        </test-method> <!-- tearDown -->
      </class> <!-- com.crm.qa.testcases.LoginPageTest -->
    </test> <!-- Free CRM App Test Cases -->
  </suite> <!-- FREE CRM Application Test Automation Test Suite -->
</testng-results>
